ERROR 2026-06-01 00:32:09,652 movies.email Booking confirmation email failed payment_id=97bac8ea-3476-4efe-ad42-38ac0d26abf9 recipient=g***************@gmail.com retry=0 error='charmap' codec can't encode character '\u20b9' in position 761: character maps to <undefined>
INFO 2026-06-01 00:32:14,249 movies.email Booking confirmation email sent payment_id=97bac8ea-3476-4efe-ad42-38ac0d26abf9 recipient=g***************@gmail.com
ERROR 2026-06-01 22:28:11,080 movies.email Booking confirmation email failed payment_id=38bc2073-fca6-4adb-9d46-6f9e83aaba21 recipient=t***************@example.com retry=0 error='SMTP Connection Failed'
ERROR 2026-06-01 22:28:11,085 movies.email Booking confirmation email failed payment_id=373ed45b-8bc5-4cf6-b0d0-b63cbe9ec533 recipient=t***************@example.com retry=2 error='SMTP Connection Failed'
INFO 2026-06-01 22:28:11,102 movies.email Booking confirmation email sent payment_id=73de7e99-6d65-4a22-9735-6ebe793042bd recipient=t***************@example.com
ERROR 2026-06-01 22:28:42,913 movies.email Booking confirmation email failed payment_id=d33a5198-c7c9-4aa1-80e7-c23602a9de9e recipient=v***************@example.com retry=0 error=''charmap' codec can't encode character '\u20b9' in position 762: character maps to <undefined>'
ERROR 2026-06-01 22:28:42,949 movies.email Booking confirmation email failed payment_id=fd78eb56-094e-4a6d-b7a5-38865202a149 recipient=f***************@example.com retry=0 error='Simulated connection timeout (rupee ₹ error test)'
INFO 2026-06-01 22:29:03,773 movies.email Booking confirmation email sent payment_id=fd78eb56-094e-4a6d-b7a5-38865202a149 recipient=f***************@example.com
INFO 2026-06-01 22:29:03,846 movies.email Booking confirmation email sent payment_id=2d297ccf-b6f5-4845-8f9d-0461ffddf673 recipient=v***************@example.com
ERROR 2026-06-01 22:29:03,870 movies.email Booking confirmation email failed payment_id=e4c72d9f-d42f-482a-96fc-13f415059b7c recipient=f***************@example.com retry=0 error='Simulated connection timeout (rupee ₹ error test)'
INFO 2026-06-01 22:33:17,751 movies.email Booking confirmation email sent payment_id=e4c72d9f-d42f-482a-96fc-13f415059b7c recipient=f***************@example.com
ERROR 2026-06-01 22:34:49,757 movies.email Booking confirmation email failed payment_id=d3f534b3-df8a-4747-885f-7faf676b9efe recipient=t***************@example.com retry=0 error='SMTP Connection Failed'
ERROR 2026-06-01 22:34:49,757 movies.email Booking confirmation email failed payment_id=fcd94848-ea60-45d8-95ef-ee2b1aaa5259 recipient=t***************@example.com retry=2 error='SMTP Connection Failed'
INFO 2026-06-01 22:34:49,773 movies.email Booking confirmation email sent payment_id=ff77bfd8-815b-4c48-bca0-4a29f99984cd recipient=t***************@example.com
INFO 2026-06-01 22:48:00,552 movies.email Booking confirmation email sent payment_id=da6f2c7d-212c-4312-93c6-d8220751739d recipient=a***************@gmail.com
INFO 2026-06-01 22:59:06,898 movies.email Booking confirmation email sent payment_id=7882fc65-0004-4860-a7f5-d4bba3f66a65 recipient=a***************@gmail.com
INFO 2026-06-01 23:02:41,408 movies.email Booking confirmation email sent payment_id=67e4747e-e41b-4ee1-8887-0c2f48c97660 recipient=a***************@gmail.com
INFO 2026-06-01 23:12:53,386 movies.email Booking confirmation email sent payment_id=b67a8687-5253-436a-ba3b-191e8db6b3a3 recipient=m***************@gmail.com
ERROR 2026-06-02 00:09:46,569 movies.email Booking confirmation email failed payment_id=5e2c1e7e-cae7-4d8d-b719-adea05ec746a recipient=m***************@gmail.com retry=0 error='SMTP.starttls() got an unexpected keyword argument 'keyfile''
ERROR 2026-06-02 00:09:52,042 movies.email Booking confirmation email failed payment_id=5e2c1e7e-cae7-4d8d-b719-adea05ec746a recipient=m***************@gmail.com retry=1 error='SMTP.starttls() got an unexpected keyword argument 'keyfile''
ERROR 2026-06-02 00:10:02,543 movies.email Booking confirmation email failed payment_id=5e2c1e7e-cae7-4d8d-b719-adea05ec746a recipient=m***************@gmail.com retry=2 error='SMTP.starttls() got an unexpected keyword argument 'keyfile''
ERROR 2026-06-02 00:18:57,275 movies.email Failed to send booking confirmation email to mkhrisha12@gmail.com. Error: SMTP.starttls() got an unexpected keyword argument 'keyfile'
ERROR 2026-06-02 00:26:52,610 movies.email Failed to send booking confirmation email to mkhrisha12@gmail.com. Error: SMTP.starttls() got an unexpected keyword argument 'keyfile'
ERROR 2026-06-02 00:27:32,639 movies.email Failed to send booking confirmation email to mkhrisha12@gmail.com. Error: SMTP.starttls() got an unexpected keyword argument 'keyfile'
ERROR 2026-06-03 23:35:48,228 movies.email Booking confirmation email failed payment_id=BMS-B73505CAE673 recipient=t***************@example.com retry=0 error='SMTP Connection Failed'
ERROR 2026-06-03 23:35:48,325 movies.email Booking confirmation email failed payment_id=BMS-CC6ED511BB9A recipient=t***************@example.com retry=2 error='SMTP Connection Failed'
INFO 2026-06-03 23:35:48,515 movies.email Booking confirmation email sent payment_id=BMS-B487A5F18114 recipient=t***************@example.com
ERROR 2026-06-03 23:36:42,239 movies.email Booking confirmation email failed payment_id=BMS-E4639BFD321B recipient=t***************@example.com retry=0 error='SMTP Connection Failed'
ERROR 2026-06-03 23:36:42,308 movies.email Booking confirmation email failed payment_id=BMS-9F71F2EA93C7 recipient=t***************@example.com retry=2 error='SMTP Connection Failed'
INFO 2026-06-03 23:36:42,628 movies.email Booking confirmation email sent payment_id=BMS-DF67E7DD84CF recipient=t***************@example.com
ERROR 2026-06-03 23:37:24,310 movies.email Booking confirmation email failed payment_id=BMS-B1BD940F00FE recipient=t***************@example.com retry=0 error='SMTP Connection Failed'
ERROR 2026-06-03 23:37:24,355 movies.email Booking confirmation email failed payment_id=BMS-17A23D2CE2A6 recipient=t***************@example.com retry=2 error='SMTP Connection Failed'
INFO 2026-06-03 23:37:24,484 movies.email Booking confirmation email sent payment_id=BMS-57BCBAF62769 recipient=t***************@example.com
ERROR 2026-06-03 23:38:14,517 movies.email Booking confirmation email failed payment_id=BMS-32CDA8F0BFF7 recipient=t***************@example.com retry=0 error='SMTP Connection Failed'
ERROR 2026-06-03 23:38:14,540 movies.email Booking confirmation email failed payment_id=BMS-D3062B36280F recipient=t***************@example.com retry=2 error='SMTP Connection Failed'
INFO 2026-06-03 23:38:14,600 movies.email Booking confirmation email sent payment_id=BMS-0896A2251989 recipient=t***************@example.com
INFO 2026-06-03 23:41:34,292 movies.email Background email worker thread started.
ERROR 2026-06-03 23:42:50,102 movies.email Booking confirmation email failed payment_id=BMS-3C0FE005CD5C recipient=m***************@gmail.com retry=0 error="SMTP.starttls() got an unexpected keyword argument 'keyfile'"
ERROR 2026-06-03 23:42:55,771 movies.email Booking confirmation email failed payment_id=BMS-3C0FE005CD5C recipient=m***************@gmail.com retry=1 error="SMTP.starttls() got an unexpected keyword argument 'keyfile'"
ERROR 2026-06-03 23:43:06,327 movies.email Booking confirmation email failed payment_id=BMS-3C0FE005CD5C recipient=m***************@gmail.com retry=2 error="SMTP.starttls() got an unexpected keyword argument 'keyfile'"
INFO 2026-06-03 23:46:44,542 movies.email Background email worker thread started.
ERROR 2026-06-03 23:47:36,291 movies.email Booking confirmation email failed payment_id=BMS-A7050C13AEF5 recipient=t***************@example.com retry=0 error='SMTP Connection Failed'
ERROR 2026-06-03 23:47:36,334 movies.email Booking confirmation email failed payment_id=BMS-E7183E8CED9E recipient=t***************@example.com retry=2 error='SMTP Connection Failed'
INFO 2026-06-03 23:47:36,433 movies.email Booking confirmation email sent payment_id=BMS-D06F0FD13F70 recipient=t***************@example.com
INFO 2026-06-03 23:48:46,630 movies.email Background email worker thread started.
ERROR 2026-06-03 23:49:56,815 movies.email Booking confirmation email failed payment_id=BMS-FBB773BB7B39 recipient=t***************@example.com retry=0 error='SMTP Connection Failed'
ERROR 2026-06-03 23:49:56,958 movies.email Booking confirmation email failed payment_id=BMS-69E43780BC04 recipient=t***************@example.com retry=2 error='SMTP Connection Failed'
INFO 2026-06-03 23:49:57,306 movies.email Booking confirmation email sent payment_id=BMS-FE8158C4A663 recipient=t***************@example.com
INFO 2026-06-03 23:51:38,776 movies.email Background email worker thread started.
INFO 2026-06-03 23:52:18,175 movies.email Booking confirmation email sent payment_id=BMS-E763703C57E5 recipient=m***************@gmail.com
INFO 2026-06-03 23:53:02,027 movies.email Booking confirmation email sent payment_id=BMS-CD0D5C07911C recipient=m***************@gmail.com
INFO 2026-06-03 23:54:55,502 movies.email Background email worker thread started.
INFO 2026-06-04 00:04:54,142 movies.email Background email worker thread started.
INFO 2026-06-04 00:05:34,215 movies.email Booking confirmation email sent payment_id=BMS-C10537157B63 recipient=a***************@gmail.com
INFO 2026-06-04 00:06:38,648 movies.email Booking confirmation email sent payment_id=BMS-96F9F17BD2A7 recipient=m***************@gmail.com
INFO 2026-06-04 00:07:21,379 movies.email Background email worker thread started.
INFO 2026-06-04 00:10:41,668 movies.email Background email worker thread started.
ERROR 2026-06-04 00:11:15,826 movies.email Booking confirmation email failed payment_id=BMS-B0C2ED9BF056 recipient=t***************@example.com retry=0 error='SMTP Connection Failed'
ERROR 2026-06-04 00:11:15,935 movies.email Booking confirmation email failed payment_id=BMS-0A6FA529DF8D recipient=t***************@example.com retry=2 error='SMTP Connection Failed'
INFO 2026-06-04 00:11:16,043 movies.email Booking confirmation email sent payment_id=BMS-41551A8E53E9 recipient=t***************@example.com
INFO 2026-06-04 00:14:46,424 movies.email Booking confirmation email sent payment_id=BMS-3212586992C4 recipient=m***************@gmail.com
INFO 2026-06-04 00:16:15,842 movies.email Booking confirmation email sent payment_id=BMS-5F02F12257D4 recipient=m***************@gmail.com
INFO 2026-06-04 00:16:54,331 movies.email Background email worker thread started.
INFO 2026-06-04 00:19:09,202 movies.email Booking confirmation email sent payment_id=BMS-A4F9C25619C1 recipient=m***************@gmail.com
INFO 2026-06-04 00:59:05,440 movies.email Background email worker thread started.
ERROR 2026-06-04 00:59:16,019 movies.email Booking confirmation email failed payment_id=BMS-02BF2F016BA6 recipient=t***************@example.com retry=0 error='SMTP Connection Failed'
ERROR 2026-06-04 00:59:16,030 movies.email Booking confirmation email failed payment_id=BMS-593ED7B46D3B recipient=t***************@example.com retry=2 error='SMTP Connection Failed'
INFO 2026-06-04 00:59:16,051 movies.email Booking confirmation email sent payment_id=BMS-7A6DF45BDB29 recipient=t***************@example.com
INFO 2026-06-04 01:00:44,231 movies.email Background email worker thread started.
INFO 2026-06-04 01:01:38,335 movies.email Booking confirmation email sent payment_id=BMS-2E0CCABE3FCF recipient=m***************@gmail.com
INFO 2026-06-04 01:02:32,825 movies.email Booking confirmation email sent payment_id=BMS-C73C46A71E86 recipient=m***************@gmail.com
INFO 2026-06-04 01:02:56,158 movies.email Background email worker thread started.
ERROR 2026-06-04 02:00:08,185 movies.email Booking confirmation email failed payment_id=BMS-22456DBA57D7 recipient=t***************@example.com retry=0 error='SMTP Connection Failed'
ERROR 2026-06-04 02:00:08,478 movies.email Booking confirmation email failed payment_id=BMS-C066C1258052 recipient=t***************@example.com retry=2 error='SMTP Connection Failed'
INFO 2026-06-04 02:00:08,896 movies.email Booking confirmation email sent payment_id=BMS-EC622CF8758C recipient=t***************@example.com
ERROR 2026-06-04 02:18:52,818 movies.email Booking confirmation email failed payment_id=BMS-C8076E26B2F3 recipient=t***************@example.com retry=0 error='SMTP Connection Failed'
ERROR 2026-06-04 02:18:52,823 movies.email Booking confirmation email failed payment_id=BMS-35CAC6B5E2D8 recipient=t***************@example.com retry=2 error='SMTP Connection Failed'
INFO 2026-06-04 02:18:52,842 movies.email Booking confirmation email sent payment_id=BMS-34618675C59F recipient=t***************@example.com
INFO 2026-06-04 02:56:35,076 movies.email Background email worker thread started.
INFO 2026-06-04 02:57:09,015 movies.email Booking confirmation email sent payment_id=BMS-213825DF87A2 recipient=m***************@gmail.com
INFO 2026-06-04 02:58:28,436 movies.email Background email worker thread started.
INFO 2026-06-04 22:16:33,099 movies.email Background email worker thread started.
ERROR 2026-06-04 22:16:49,949 movies.email Booking confirmation email failed payment_id=BMS-54E4E7648CF8 recipient=t***************@example.com retry=0 error='SMTP Connection Failed'
ERROR 2026-06-04 22:16:49,961 movies.email Booking confirmation email failed payment_id=BMS-024ECD3D4329 recipient=t***************@example.com retry=2 error='SMTP Connection Failed'
INFO 2026-06-04 22:16:49,974 movies.email Booking confirmation email sent payment_id=BMS-2C6E15CE9FA1 recipient=t***************@example.com
INFO 2026-06-04 22:17:02,882 movies.email Background email worker thread started.
INFO 2026-06-05 00:07:34,360 movies.email Background email worker thread started.
ERROR 2026-06-05 00:08:51,795 movies.email Booking confirmation email failed payment_id=BMS-BC77C102273F recipient=m***************@gmail.com retry=0 error='SendGrid API response 403 (Forbidden):\n{\n  "errors": [\n    {\n      "message": "The from address does not match a verified Sender Identity. Mail cannot be sent until this error is resolved. Visit https://sendgrid.com/docs/for-developers/sending-email/sender-identity/ to see the Sender Identity requirements",\n      "field": "from",\n      "help": null\n    }\n  ]\n}'
ERROR 2026-06-05 00:08:58,441 movies.email Booking confirmation email failed payment_id=BMS-BC77C102273F recipient=m***************@gmail.com retry=1 error='SendGrid API response 403 (Forbidden):\n{\n  "errors": [\n    {\n      "message": "The from address does not match a verified Sender Identity. Mail cannot be sent until this error is resolved. Visit https://sendgrid.com/docs/for-developers/sending-email/sender-identity/ to see the Sender Identity requirements",\n      "field": "from",\n      "help": null\n    }\n  ]\n}'
ERROR 2026-06-05 00:09:10,182 movies.email Booking confirmation email failed payment_id=BMS-BC77C102273F recipient=m***************@gmail.com retry=2 error='SendGrid API response 403 (Forbidden):\n{\n  "errors": [\n    {\n      "message": "The from address does not match a verified Sender Identity. Mail cannot be sent until this error is resolved. Visit https://sendgrid.com/docs/for-developers/sending-email/sender-identity/ to see the Sender Identity requirements",\n      "field": "from",\n      "help": null\n    }\n  ]\n}'
ERROR 2026-06-05 00:10:51,833 movies.email Booking confirmation email failed payment_id=BMS-A19B2C9CFEEA recipient=m***************@gmail.com retry=0 error='SendGrid API response 403 (Forbidden):\n{\n  "errors": [\n    {\n      "message": "The from address does not match a verified Sender Identity. Mail cannot be sent until this error is resolved. Visit https://sendgrid.com/docs/for-developers/sending-email/sender-identity/ to see the Sender Identity requirements",\n      "field": "from",\n      "help": null\n    }\n  ]\n}'
ERROR 2026-06-05 00:10:58,196 movies.email Booking confirmation email failed payment_id=BMS-A19B2C9CFEEA recipient=m***************@gmail.com retry=1 error='SendGrid API response 403 (Forbidden):\n{\n  "errors": [\n    {\n      "message": "The from address does not match a verified Sender Identity. Mail cannot be sent until this error is resolved. Visit https://sendgrid.com/docs/for-developers/sending-email/sender-identity/ to see the Sender Identity requirements",\n      "field": "from",\n      "help": null\n    }\n  ]\n}'
ERROR 2026-06-05 00:11:10,176 movies.email Booking confirmation email failed payment_id=BMS-A19B2C9CFEEA recipient=m***************@gmail.com retry=2 error='SendGrid API response 403 (Forbidden):\n{\n  "errors": [\n    {\n      "message": "The from address does not match a verified Sender Identity. Mail cannot be sent until this error is resolved. Visit https://sendgrid.com/docs/for-developers/sending-email/sender-identity/ to see the Sender Identity requirements",\n      "field": "from",\n      "help": null\n    }\n  ]\n}'
INFO 2026-06-05 00:28:22,638 movies.email Background email worker thread started.
INFO 2026-06-05 00:32:19,850 movies.email Background email worker thread started.
INFO 2026-06-05 00:33:39,265 movies.email Booking confirmation email sent payment_id=BMS-F551037C51C0 recipient=m***************@gmail.com
INFO 2026-06-05 11:37:58,421 movies.email Background email worker thread started.
INFO 2026-06-05 11:38:22,480 movies.email Booking confirmation email sent payment_id=BMS-6884C5E3591B recipient=m***************@gmail.com
INFO 2026-06-05 12:46:34,731 movies.email Booking confirmation email sent payment_id=BMS-7336495E6ACE recipient=m***************@gmail.com
INFO 2026-06-05 13:33:18,594 movies.email Background email worker thread started.
INFO 2026-06-05 13:34:32,693 movies.email Background email worker thread started.
INFO 2026-06-05 13:38:28,318 movies.email Background email worker thread started.
INFO 2026-06-05 13:38:29,335 movies.email Background email worker thread started.
INFO 2026-06-05 13:46:00,696 movies.email Background email worker thread started.
INFO 2026-06-05 13:46:20,794 movies.email Background email worker thread started.
INFO 2026-06-05 13:46:56,571 movies.email Background email worker thread started.
INFO 2026-06-05 13:46:56,882 movies.email Background email worker thread started.
INFO 2026-06-05 13:47:45,506 movies.email Background email worker thread started.
INFO 2026-06-05 13:52:20,882 movies.email Background email worker thread started.
INFO 2026-06-05 14:01:09,806 movies.email Background email worker thread started.
INFO 2026-06-05 14:03:57,506 movies.email Background email worker thread started.
INFO 2026-06-05 14:07:43,095 movies.email Background email worker thread started.
INFO 2026-06-05 14:07:43,137 movies.email Background email worker thread started.
INFO 2026-06-05 14:14:06,575 movies.email Background email worker thread started.
INFO 2026-06-05 14:15:40,679 movies.email Background email worker thread started.
INFO 2026-06-05 14:15:41,303 movies.email Background email worker thread started.
INFO 2026-06-05 14:15:49,063 movies.email Background email worker thread started.
INFO 2026-06-05 14:15:49,124 movies.email Background email worker thread started.
INFO 2026-06-05 14:16:08,683 movies.email Background email worker thread started.
INFO 2026-06-05 14:16:09,364 movies.email Background email worker thread started.
INFO 2026-06-05 14:16:35,842 movies.email Background email worker thread started.
INFO 2026-06-05 14:16:35,998 movies.email Background email worker thread started.
INFO 2026-06-05 14:16:43,433 movies.email Background email worker thread started.
INFO 2026-06-05 14:16:44,000 movies.email Background email worker thread started.
INFO 2026-06-05 14:23:24,369 movies.email Background email worker thread started.
INFO 2026-06-05 14:24:17,999 movies.email Background email worker thread started.
INFO 2026-06-05 14:57:30,339 movies.email Background email worker thread started.
INFO 2026-06-05 14:58:24,525 movies.email Booking confirmation email sent payment_id=BMS-835E1F73A688 recipient=m***************@gmail.com
INFO 2026-06-05 15:01:24,260 movies.email Booking confirmation email sent payment_id=BMS-B612E3DB1419 recipient=m***************@gmail.com
INFO 2026-06-05 16:28:00,390 movies.email Background email worker thread started.
INFO 2026-06-05 16:29:23,193 movies.email Background email worker thread started.
ERROR 2026-06-05 16:31:03,020 movies.email Failed to queue booking confirmation email: recipient email is empty
INFO 2026-06-05 16:32:48,494 movies.email Booking confirmation email sent payment_id=BMS-0761F6F19DFF recipient=m***************@gmail.com
INFO 2026-06-05 16:45:58,529 movies.email Background email worker thread started.
INFO 2026-06-05 16:46:19,242 movies.email Background email worker thread started.
INFO 2026-06-05 16:46:39,995 movies.email Background email worker thread started.
INFO 2026-06-05 16:47:37,642 movies.email Background email worker thread started.
INFO 2026-06-05 16:48:53,416 movies.email Background email worker thread started.
INFO 2026-06-05 16:53:01,079 movies.email Background email worker thread started.
INFO 2026-06-05 16:53:59,129 movies.email Booking confirmation email sent payment_id=BMS-675D0D76574F recipient=m***************@gmail.com
INFO 2026-06-05 16:54:20,359 movies.email Booking confirmation email sent payment_id=BMS-533BFEC1C776 recipient=m***************@gmail.com
INFO 2026-06-05 16:54:38,343 movies.email Booking confirmation email sent payment_id=BMS-FA11287173C6 recipient=m***************@gmail.com
INFO 2026-06-05 16:54:52,149 movies.email Booking confirmation email sent payment_id=BMS-9F0BC3C5E2FC recipient=m***************@gmail.com
INFO 2026-06-05 16:59:11,281 movies.email Background email worker thread started.
INFO 2026-06-05 16:59:11,504 movies.email Background email worker thread started.
INFO 2026-06-05 17:09:06,421 movies.email Background email worker thread started.
INFO 2026-06-05 17:09:51,134 movies.email Booking confirmation email sent payment_id=BMS-947822AFF364 recipient=m***************@gmail.com
INFO 2026-06-05 17:10:01,228 movies.email Booking confirmation email sent payment_id=BMS-DB915CD0D378 recipient=m***************@gmail.com
INFO 2026-06-05 17:16:28,431 movies.email Background email worker thread started.
INFO 2026-06-05 17:27:30,568 movies.email Background email worker thread started.
INFO 2026-06-05 17:47:55,771 movies.email Background email worker thread started.
INFO 2026-06-05 17:48:18,813 movies.email Background email worker thread started.
INFO 2026-06-06 22:38:48,233 movies.email Background email worker thread started.
INFO 2026-06-06 22:39:39,673 movies.email Booking confirmation email sent payment_id=BMS-42BDA3DBC1CE recipient=m***************@gmail.com
INFO 2026-06-06 23:09:06,203 movies.email Background email worker thread started.
INFO 2026-06-06 23:09:55,152 movies.email Booking confirmation email sent payment_id=BMS-62D1EF5C4533 recipient=m***************@gmail.com
INFO 2026-06-06 23:11:03,415 movies.email Background email worker thread started.
INFO 2026-06-06 23:11:14,597 movies.email Background email worker thread started.
INFO 2026-06-06 23:11:52,507 movies.email Background email worker thread started.
ERROR 2026-06-06 23:12:20,128 movies.email Error while queuing booking confirmation email
Traceback (most recent call last):
  File "E:\djnago-bookmyshow-clone-main\djnago-bookmyshow-clone-main\venv\Lib\site-packages\django\db\backends\utils.py", line 105, in _execute
    return self.cursor.execute(sql, params)
           ^^^^^^^^^^^^^^^^^^^^^^^^^^^^^^^^
  File "E:\djnago-bookmyshow-clone-main\djnago-bookmyshow-clone-main\venv\Lib\site-packages\django\db\backends\sqlite3\base.py", line 359, in execute
    return super().execute(query, params)
           ^^^^^^^^^^^^^^^^^^^^^^^^^^^^^^
sqlite3.OperationalError: table movies_emailtask has no column named qr_image_bytes

The above exception was the direct cause of the following exception:

Traceback (most recent call last):
  File "E:\djnago-bookmyshow-clone-main\djnago-bookmyshow-clone-main\movies\email_worker.py", line 111, in queue_booking_email
    EmailTask.objects.create(
  File "E:\djnago-bookmyshow-clone-main\djnago-bookmyshow-clone-main\venv\Lib\site-packages\django\db\models\manager.py", line 87, in manager_method
    return getattr(self.get_queryset(), name)(*args, **kwargs)
           ^^^^^^^^^^^^^^^^^^^^^^^^^^^^^^^^^^^^^^^^^^^^^^^^^^^
  File "E:\djnago-bookmyshow-clone-main\djnago-bookmyshow-clone-main\venv\Lib\site-packages\django\db\models\query.py", line 669, in create
    obj.save(force_insert=True, using=self.db)
  File "E:\djnago-bookmyshow-clone-main\djnago-bookmyshow-clone-main\venv\Lib\site-packages\django\db\models\base.py", line 874, in save
    self.save_base(
  File "E:\djnago-bookmyshow-clone-main\djnago-bookmyshow-clone-main\venv\Lib\site-packages\django\db\models\base.py", line 966, in save_base
    updated = self._save_table(
              ^^^^^^^^^^^^^^^^^
  File "E:\djnago-bookmyshow-clone-main\djnago-bookmyshow-clone-main\venv\Lib\site-packages\django\db\models\base.py", line 1169, in _save_table
    results = self._do_insert(
              ^^^^^^^^^^^^^^^^
  File "E:\djnago-bookmyshow-clone-main\djnago-bookmyshow-clone-main\venv\Lib\site-packages\django\db\models\base.py", line 1220, in _do_insert
    return manager._insert(
           ^^^^^^^^^^^^^^^^
  File "E:\djnago-bookmyshow-clone-main\djnago-bookmyshow-clone-main\venv\Lib\site-packages\django\db\models\manager.py", line 87, in manager_method
    return getattr(self.get_queryset(), name)(*args, **kwargs)
           ^^^^^^^^^^^^^^^^^^^^^^^^^^^^^^^^^^^^^^^^^^^^^^^^^^^
  File "E:\djnago-bookmyshow-clone-main\djnago-bookmyshow-clone-main\venv\Lib\site-packages\django\db\models\query.py", line 1918, in _insert
    return query.get_compiler(using=using).execute_sql(returning_fields)
           ^^^^^^^^^^^^^^^^^^^^^^^^^^^^^^^^^^^^^^^^^^^^^^^^^^^^^^^^^^^^^
  File "E:\djnago-bookmyshow-clone-main\djnago-bookmyshow-clone-main\venv\Lib\site-packages\django\db\models\sql\compiler.py", line 1925, in execute_sql
    cursor.execute(sql, params)
  File "E:\djnago-bookmyshow-clone-main\djnago-bookmyshow-clone-main\venv\Lib\site-packages\django\db\backends\utils.py", line 122, in execute
    return super().execute(sql, params)
           ^^^^^^^^^^^^^^^^^^^^^^^^^^^^
  File "E:\djnago-bookmyshow-clone-main\djnago-bookmyshow-clone-main\venv\Lib\site-packages\django\db\backends\utils.py", line 79, in execute
    return self._execute_with_wrappers(
           ^^^^^^^^^^^^^^^^^^^^^^^^^^^^
  File "E:\djnago-bookmyshow-clone-main\djnago-bookmyshow-clone-main\venv\Lib\site-packages\django\db\backends\utils.py", line 92, in _execute_with_wrappers
    return executor(sql, params, many, context)
           ^^^^^^^^^^^^^^^^^^^^^^^^^^^^^^^^^^^^
  File "E:\djnago-bookmyshow-clone-main\djnago-bookmyshow-clone-main\venv\Lib\site-packages\django\db\backends\utils.py", line 100, in _execute
    with self.db.wrap_database_errors:
         ^^^^^^^^^^^^^^^^^^^^^^^^^^^^
  File "E:\djnago-bookmyshow-clone-main\djnago-bookmyshow-clone-main\venv\Lib\site-packages\django\db\utils.py", line 94, in __exit__
    raise dj_exc_value.with_traceback(traceback) from exc_value
  File "E:\djnago-bookmyshow-clone-main\djnago-bookmyshow-clone-main\venv\Lib\site-packages\django\db\backends\utils.py", line 105, in _execute
    return self.cursor.execute(sql, params)
           ^^^^^^^^^^^^^^^^^^^^^^^^^^^^^^^^
  File "E:\djnago-bookmyshow-clone-main\djnago-bookmyshow-clone-main\venv\Lib\site-packages\django\db\backends\sqlite3\base.py", line 359, in execute
    return super().execute(query, params)
           ^^^^^^^^^^^^^^^^^^^^^^^^^^^^^^
django.db.utils.OperationalError: table movies_emailtask has no column named qr_image_bytes
ERROR 2026-06-06 23:13:06,455 movies.email Error while queuing booking confirmation email
Traceback (most recent call last):
  File "E:\djnago-bookmyshow-clone-main\djnago-bookmyshow-clone-main\venv\Lib\site-packages\django\db\backends\utils.py", line 105, in _execute
    return self.cursor.execute(sql, params)
           ^^^^^^^^^^^^^^^^^^^^^^^^^^^^^^^^
  File "E:\djnago-bookmyshow-clone-main\djnago-bookmyshow-clone-main\venv\Lib\site-packages\django\db\backends\sqlite3\base.py", line 359, in execute
    return super().execute(query, params)
           ^^^^^^^^^^^^^^^^^^^^^^^^^^^^^^
sqlite3.OperationalError: table movies_emailtask has no column named qr_image_bytes

The above exception was the direct cause of the following exception:

Traceback (most recent call last):
  File "E:\djnago-bookmyshow-clone-main\djnago-bookmyshow-clone-main\movies\email_worker.py", line 111, in queue_booking_email
    EmailTask.objects.create(
  File "E:\djnago-bookmyshow-clone-main\djnago-bookmyshow-clone-main\venv\Lib\site-packages\django\db\models\manager.py", line 87, in manager_method
    return getattr(self.get_queryset(), name)(*args, **kwargs)
           ^^^^^^^^^^^^^^^^^^^^^^^^^^^^^^^^^^^^^^^^^^^^^^^^^^^
  File "E:\djnago-bookmyshow-clone-main\djnago-bookmyshow-clone-main\venv\Lib\site-packages\django\db\models\query.py", line 669, in create
    obj.save(force_insert=True, using=self.db)
  File "E:\djnago-bookmyshow-clone-main\djnago-bookmyshow-clone-main\venv\Lib\site-packages\django\db\models\base.py", line 874, in save
    self.save_base(
  File "E:\djnago-bookmyshow-clone-main\djnago-bookmyshow-clone-main\venv\Lib\site-packages\django\db\models\base.py", line 966, in save_base
    updated = self._save_table(
              ^^^^^^^^^^^^^^^^^
  File "E:\djnago-bookmyshow-clone-main\djnago-bookmyshow-clone-main\venv\Lib\site-packages\django\db\models\base.py", line 1169, in _save_table
    results = self._do_insert(
              ^^^^^^^^^^^^^^^^
  File "E:\djnago-bookmyshow-clone-main\djnago-bookmyshow-clone-main\venv\Lib\site-packages\django\db\models\base.py", line 1220, in _do_insert
    return manager._insert(
           ^^^^^^^^^^^^^^^^
  File "E:\djnago-bookmyshow-clone-main\djnago-bookmyshow-clone-main\venv\Lib\site-packages\django\db\models\manager.py", line 87, in manager_method
    return getattr(self.get_queryset(), name)(*args, **kwargs)
           ^^^^^^^^^^^^^^^^^^^^^^^^^^^^^^^^^^^^^^^^^^^^^^^^^^^
  File "E:\djnago-bookmyshow-clone-main\djnago-bookmyshow-clone-main\venv\Lib\site-packages\django\db\models\query.py", line 1918, in _insert
    return query.get_compiler(using=using).execute_sql(returning_fields)
           ^^^^^^^^^^^^^^^^^^^^^^^^^^^^^^^^^^^^^^^^^^^^^^^^^^^^^^^^^^^^^
  File "E:\djnago-bookmyshow-clone-main\djnago-bookmyshow-clone-main\venv\Lib\site-packages\django\db\models\sql\compiler.py", line 1925, in execute_sql
    cursor.execute(sql, params)
  File "E:\djnago-bookmyshow-clone-main\djnago-bookmyshow-clone-main\venv\Lib\site-packages\django\db\backends\utils.py", line 122, in execute
    return super().execute(sql, params)
           ^^^^^^^^^^^^^^^^^^^^^^^^^^^^
  File "E:\djnago-bookmyshow-clone-main\djnago-bookmyshow-clone-main\venv\Lib\site-packages\django\db\backends\utils.py", line 79, in execute
    return self._execute_with_wrappers(
           ^^^^^^^^^^^^^^^^^^^^^^^^^^^^
  File "E:\djnago-bookmyshow-clone-main\djnago-bookmyshow-clone-main\venv\Lib\site-packages\django\db\backends\utils.py", line 92, in _execute_with_wrappers
    return executor(sql, params, many, context)
           ^^^^^^^^^^^^^^^^^^^^^^^^^^^^^^^^^^^^
  File "E:\djnago-bookmyshow-clone-main\djnago-bookmyshow-clone-main\venv\Lib\site-packages\django\db\backends\utils.py", line 100, in _execute
    with self.db.wrap_database_errors:
         ^^^^^^^^^^^^^^^^^^^^^^^^^^^^
  File "E:\djnago-bookmyshow-clone-main\djnago-bookmyshow-clone-main\venv\Lib\site-packages\django\db\utils.py", line 94, in __exit__
    raise dj_exc_value.with_traceback(traceback) from exc_value
  File "E:\djnago-bookmyshow-clone-main\djnago-bookmyshow-clone-main\venv\Lib\site-packages\django\db\backends\utils.py", line 105, in _execute
    return self.cursor.execute(sql, params)
           ^^^^^^^^^^^^^^^^^^^^^^^^^^^^^^^^
  File "E:\djnago-bookmyshow-clone-main\djnago-bookmyshow-clone-main\venv\Lib\site-packages\django\db\backends\sqlite3\base.py", line 359, in execute
    return super().execute(query, params)
           ^^^^^^^^^^^^^^^^^^^^^^^^^^^^^^
django.db.utils.OperationalError: table movies_emailtask has no column named qr_image_bytes
INFO 2026-06-06 23:14:49,056 movies.email Background email worker thread started.
INFO 2026-06-06 23:14:52,433 movies.email Background email worker thread started.
INFO 2026-06-06 23:15:10,768 movies.email Background email worker thread started.
INFO 2026-06-06 23:15:10,774 movies.email Background email worker thread started.
INFO 2026-06-06 23:15:46,171 movies.email Background email worker thread started.
INFO 2026-06-06 23:15:46,371 movies.email Background email worker thread started.
INFO 2026-06-06 23:15:59,299 movies.email Background email worker thread started.
ERROR 2026-06-06 23:16:28,075 movies.email Error while queuing booking confirmation email
Traceback (most recent call last):
  File "C:\Users\khrisham\AppData\Local\Programs\Python\Python312\Lib\site-packages\django\db\backends\utils.py", line 84, in _execute
    return self.cursor.execute(sql, params)
           ^^^^^^^^^^^^^^^^^^^^^^^^^^^^^^^^
  File "C:\Users\khrisham\AppData\Local\Programs\Python\Python312\Lib\site-packages\django\db\backends\sqlite3\base.py", line 423, in execute
    return Database.Cursor.execute(self, query, params)
           ^^^^^^^^^^^^^^^^^^^^^^^^^^^^^^^^^^^^^^^^^^^^
sqlite3.OperationalError: table movies_emailtask has no column named qr_image_bytes

The above exception was the direct cause of the following exception:

Traceback (most recent call last):
  File "E:\djnago-bookmyshow-clone-main\djnago-bookmyshow-clone-main\movies\email_worker.py", line 82, in queue_booking_email
    EmailTask.objects.create(
  File "C:\Users\khrisham\AppData\Local\Programs\Python\Python312\Lib\site-packages\django\db\models\manager.py", line 85, in manager_method
    return getattr(self.get_queryset(), name)(*args, **kwargs)
           ^^^^^^^^^^^^^^^^^^^^^^^^^^^^^^^^^^^^^^^^^^^^^^^^^^^
  File "C:\Users\khrisham\AppData\Local\Programs\Python\Python312\Lib\site-packages\django\db\models\query.py", line 453, in create
    obj.save(force_insert=True, using=self.db)
  File "C:\Users\khrisham\AppData\Local\Programs\Python\Python312\Lib\site-packages\django\db\models\base.py", line 739, in save
    self.save_base(using=using, force_insert=force_insert,
  File "C:\Users\khrisham\AppData\Local\Programs\Python\Python312\Lib\site-packages\django\db\models\base.py", line 776, in save_base
    updated = self._save_table(
              ^^^^^^^^^^^^^^^^^
  File "C:\Users\khrisham\AppData\Local\Programs\Python\Python312\Lib\site-packages\django\db\models\base.py", line 881, in _save_table
    results = self._do_insert(cls._base_manager, using, fields, returning_fields, raw)
              ^^^^^^^^^^^^^^^^^^^^^^^^^^^^^^^^^^^^^^^^^^^^^^^^^^^^^^^^^^^^^^^^^^^^^^^^
  File "C:\Users\khrisham\AppData\Local\Programs\Python\Python312\Lib\site-packages\django\db\models\base.py", line 919, in _do_insert
    return manager._insert(
           ^^^^^^^^^^^^^^^^
  File "C:\Users\khrisham\AppData\Local\Programs\Python\Python312\Lib\site-packages\django\db\models\manager.py", line 85, in manager_method
    return getattr(self.get_queryset(), name)(*args, **kwargs)
           ^^^^^^^^^^^^^^^^^^^^^^^^^^^^^^^^^^^^^^^^^^^^^^^^^^^
  File "C:\Users\khrisham\AppData\Local\Programs\Python\Python312\Lib\site-packages\django\db\models\query.py", line 1270, in _insert
    return query.get_compiler(using=using).execute_sql(returning_fields)
           ^^^^^^^^^^^^^^^^^^^^^^^^^^^^^^^^^^^^^^^^^^^^^^^^^^^^^^^^^^^^^
  File "C:\Users\khrisham\AppData\Local\Programs\Python\Python312\Lib\site-packages\django\db\models\sql\compiler.py", line 1416, in execute_sql
    cursor.execute(sql, params)
  File "C:\Users\khrisham\AppData\Local\Programs\Python\Python312\Lib\site-packages\django\db\backends\utils.py", line 98, in execute
    return super().execute(sql, params)
           ^^^^^^^^^^^^^^^^^^^^^^^^^^^^
  File "C:\Users\khrisham\AppData\Local\Programs\Python\Python312\Lib\site-packages\django\db\backends\utils.py", line 66, in execute
    return self._execute_with_wrappers(sql, params, many=False, executor=self._execute)
           ^^^^^^^^^^^^^^^^^^^^^^^^^^^^^^^^^^^^^^^^^^^^^^^^^^^^^^^^^^^^^^^^^^^^^^^^^^^^
  File "C:\Users\khrisham\AppData\Local\Programs\Python\Python312\Lib\site-packages\django\db\backends\utils.py", line 75, in _execute_with_wrappers
    return executor(sql, params, many, context)
           ^^^^^^^^^^^^^^^^^^^^^^^^^^^^^^^^^^^^
  File "C:\Users\khrisham\AppData\Local\Programs\Python\Python312\Lib\site-packages\django\db\backends\utils.py", line 79, in _execute
    with self.db.wrap_database_errors:
         ^^^^^^^^^^^^^^^^^^^^^^^^^^^^
  File "C:\Users\khrisham\AppData\Local\Programs\Python\Python312\Lib\site-packages\django\db\utils.py", line 90, in __exit__
    raise dj_exc_value.with_traceback(traceback) from exc_value
  File "C:\Users\khrisham\AppData\Local\Programs\Python\Python312\Lib\site-packages\django\db\backends\utils.py", line 84, in _execute
    return self.cursor.execute(sql, params)
           ^^^^^^^^^^^^^^^^^^^^^^^^^^^^^^^^
  File "C:\Users\khrisham\AppData\Local\Programs\Python\Python312\Lib\site-packages\django\db\backends\sqlite3\base.py", line 423, in execute
    return Database.Cursor.execute(self, query, params)
           ^^^^^^^^^^^^^^^^^^^^^^^^^^^^^^^^^^^^^^^^^^^^
django.db.utils.OperationalError: table movies_emailtask has no column named qr_image_bytes
INFO 2026-06-06 23:19:53,865 movies.email Background email worker thread started.
INFO 2026-06-06 23:19:56,397 movies.email Background email worker thread started.
INFO 2026-06-06 23:19:58,697 movies.email Background email worker thread started.
INFO 2026-06-06 23:20:28,148 movies.email Booking confirmation email sent payment_id=BMS-EB1212CCB06C recipient=m***************@gmail.com
INFO 2026-06-06 23:28:40,912 movies.email Booking confirmation email sent payment_id=BMS-C3939136BF2E recipient=m***************@gmail.com
INFO 2026-06-06 23:31:52,275 movies.email Background email worker thread started.
INFO 2026-06-06 23:33:46,207 movies.email Booking confirmation email sent payment_id=BMS-BBF80BC5142B recipient=m***************@gmail.com
INFO 2026-06-06 23:55:57,297 movies.email Background email worker thread started.
INFO 2026-06-06 23:56:27,684 movies.email Booking confirmation email sent payment_id=BMS-3F4B09C347C1 recipient=m***************@gmail.com
INFO 2026-06-07 00:03:33,178 movies.email Booking confirmation email sent payment_id=BMS-0CA17DE69371 recipient=m***************@gmail.com
INFO 2026-06-07 00:03:58,590 movies.email Background email worker thread started.
INFO 2026-06-07 00:08:54,681 movies.email Background email worker thread started.
INFO 2026-06-07 00:09:54,750 movies.email Booking confirmation email sent payment_id=BMS-687C7A69193E recipient=m***************@gmail.com
INFO 2026-06-07 00:15:23,903 movies.email Background email worker thread started.
INFO 2026-06-07 00:16:23,976 movies.email Booking confirmation email sent payment_id=BMS-7D7475AE0947 recipient=m***************@gmail.com
INFO 2026-06-07 00:17:51,498 movies.email Background email worker thread started.
INFO 2026-06-07 00:17:51,681 movies.email Background email worker thread started.
INFO 2026-06-07 00:18:01,137 movies.email Background email worker thread started.
INFO 2026-06-07 00:18:01,518 movies.email Background email worker thread started.
INFO 2026-06-07 00:18:15,953 movies.email Background email worker thread started.
INFO 2026-06-07 00:18:16,427 movies.email Background email worker thread started.
INFO 2026-06-07 00:18:23,521 movies.email Background email worker thread started.
INFO 2026-06-07 00:18:23,611 movies.email Background email worker thread started.
INFO 2026-06-07 00:18:48,421 movies.email Background email worker thread started.
INFO 2026-06-07 00:18:48,897 movies.email Background email worker thread started.
INFO 2026-06-07 00:18:56,918 movies.email Background email worker thread started.
INFO 2026-06-07 00:18:57,825 movies.email Background email worker thread started.
INFO 2026-06-07 00:22:32,481 movies.email Background email worker thread started.
INFO 2026-06-07 00:22:33,289 movies.email Background email worker thread started.
INFO 2026-06-07 00:30:21,264 movies.email Background email worker thread started.
INFO 2026-06-07 00:31:26,336 movies.email Booking confirmation email sent payment_id=BMS-D4915456950B recipient=m***************@gmail.com
INFO 2026-06-07 00:38:57,204 movies.email Booking confirmation email sent payment_id=BMS-BD955FB54E8B recipient=m***************@gmail.com
INFO 2026-06-07 00:39:37,247 movies.email Booking confirmation email sent payment_id=BMS-76372B345AA9 recipient=m***************@gmail.com
INFO 2026-06-07 01:02:02,032 movies.email Background email worker thread started.
INFO 2026-06-07 01:02:29,156 movies.email Background email worker thread started.
INFO 2026-06-07 01:02:37,711 movies.email Background email worker thread started.
INFO 2026-06-07 01:04:41,130 movies.email Background email worker thread started.
c
INFO 2026-06-07 01:08:52,339 movies.email Background email worker thread started.
INFO 2026-06-07 01:09:06,237 movies.email Booking confirmation email sent payment_id=BMS-68FF7369415C recipient=m***************@gmail.com
INFO 2026-06-07 01:10:26,943 movies.email Booking confirmation email sent payment_id=BMS-8CE800A10619 recipient=m***************@gmail.com
INFO 2026-06-07 01:11:53,897 movies.email Booking confirmation email sent payment_id=BMS-DA5D3E11840A recipient=m***************@gmail.com
INFO 2026-06-07 01:17:05,914 movies.email Background email worker thread started.
INFO 2026-06-07 01:17:34,468 movies.email Booking confirmation email sent payment_id=BMS-F14BBEC26956 recipient=m***************@gmail.com
INFO 2026-06-07 01:19:15,632 movies.email Booking confirmation email sent payment_id=BMS-D496B9957D13 recipient=m***************@gmail.com
INFO 2026-06-07 01:20:52,204 movies.email Booking confirmation email sent payment_id=BMS-EBEBB632998F recipient=m***************@gmail.com
INFO 2026-06-07 01:26:33,949 movies.email Background email worker thread started.
INFO 2026-06-07 01:26:42,202 movies.email Background email worker thread started.
INFO 2026-06-07 01:27:01,298 movies.email Booking confirmation email sent payment_id=BMS-5232A058F972 recipient=m***************@gmail.com
INFO 2026-06-07 01:28:57,816 movies.email Booking confirmation email sent payment_id=BMS-0482214EBBD1 recipient=m***************@gmail.com
INFO 2026-06-07 01:29:52,245 movies.email Background email worker thread started.
INFO 2026-06-07 01:29:54,347 movies.email Background email worker thread started.
INFO 2026-06-07 01:30:32,725 movies.email Background email worker thread started.
INFO 2026-06-07 01:31:24,001 movies.email Booking confirmation email sent payment_id=BMS-7F5418A30644 recipient=m***************@gmail.com
INFO 2026-06-07 01:33:20,148 movies.email Booking confirmation email sent payment_id=BMS-653FBCC6AB21 recipient=m***************@gmail.com
INFO 2026-06-07 01:33:50,833 movies.email Booking confirmation email sent payment_id=BMS-B51E0521C662 recipient=m***************@gmail.com
INFO 2026-06-07 01:34:12,754 movies.email Booking confirmation email sent payment_id=BMS-42691742B394 recipient=m***************@gmail.com
INFO 2026-06-07 01:36:26,591 movies.email Booking confirmation email sent payment_id=BMS-E94185687221 recipient=m***************@gmail.com
INFO 2026-06-07 01:54:54,697 movies.email Booking confirmation email sent payment_id=BMS-C765D3967682 recipient=m***************@gmail.com
INFO 2026-06-07 02:07:34,097 movies.email Background email worker thread started.
INFO 2026-06-07 02:08:30,911 movies.email Booking confirmation email sent payment_id=BMS-4778239DFC6E recipient=m***************@gmail.com
INFO 2026-06-07 02:40:42,397 movies.email Background email worker thread started.
INFO 2026-06-07 02:41:10,041 movies.email Booking confirmation email sent payment_id=BMS-7D7DB65C254B recipient=m***************@gmail.com
INFO 2026-06-07 02:44:23,423 movies.email Booking confirmation email sent payment_id=BMS-689ED6F8C876 recipient=m***************@gmail.com
INFO 2026-06-07 02:46:56,723 movies.email Background email worker thread started.
INFO 2026-06-07 02:46:57,794 movies.email Background email worker thread started.
INFO 2026-06-07 02:47:12,321 movies.email Booking confirmation email sent payment_id=BMS-3CE08AEA21ED recipient=m***************@gmail.com
INFO 2026-06-07 02:47:43,898 movies.email Background email worker thread started.
INFO 2026-06-07 02:47:44,484 movies.email Background email worker thread started.
INFO 2026-06-07 02:48:50,678 movies.email Booking confirmation email sent payment_id=BMS-E3248C67764B recipient=m***************@gmail.com
INFO 2026-06-07 02:50:12,779 movies.email Background email worker thread started.
INFO 2026-06-07 02:50:54,917 movies.email Booking confirmation email sent payment_id=BMS-978DFD433FDF recipient=m***************@gmail.com
INFO 2026-06-07 02:54:25,519 movies.email Booking confirmation email sent payment_id=BMS-B6F1077D09BB recipient=m***************@gmail.com
INFO 2026-06-07 02:57:57,429 movies.email Background email worker thread started.
INFO 2026-06-07 02:58:27,935 movies.email Background email worker thread started.
INFO 2026-06-07 02:58:47,481 movies.email Booking confirmation email sent payment_id=BMS-A5C3C0CB36E3 recipient=m***************@gmail.com
INFO 2026-06-07 03:04:49,285 movies.email Background email worker thread started.
INFO 2026-06-07 03:04:50,183 movies.email Background email worker thread started.
INFO 2026-06-07 03:06:49,897 movies.email Background email worker thread started.
INFO 2026-06-07 03:07:08,848 movies.email Background email worker thread started.
INFO 2026-06-07 03:07:08,920 movies.email Background email worker thread started.
INFO 2026-06-07 03:07:42,371 movies.email Background email worker thread started.
INFO 2026-06-07 03:07:42,464 movies.email Background email worker thread started.
INFO 2026-06-07 03:08:02,598 movies.email Background email worker thread started.
INFO 2026-06-07 03:08:19,065 movies.email Booking confirmation email sent payment_id=BMS-3FBADD99111C recipient=m***************@gmail.com
INFO 2026-06-07 03:14:02,017 movies.email Background email worker thread started.
INFO 2026-06-07 03:14:38,556 movies.email Booking confirmation email sent payment_id=BMS-6C8111F617F5 recipient=m***************@gmail.com
INFO 2026-06-07 03:23:36,851 movies.email Booking confirmation email sent payment_id=BMS-A581E429860E recipient=m***************@gmail.com
INFO 2026-06-07 03:40:53,366 movies.email Booking confirmation email sent payment_id=BMS-D09DF2E062C3 recipient=m***************@gmail.com
INFO 2026-06-07 03:50:24,264 movies.email Booking confirmation email sent payment_id=BMS-EFDE7A30EC70 recipient=m***************@gmail.com
INFO 2026-06-07 03:53:42,511 movies.email Booking confirmation email sent payment_id=BMS-97B69F2C2AB4 recipient=m***************@gmail.com
INFO 2026-06-07 04:05:53,200 movies.email Booking confirmation email sent payment_id=BMS-CF595EFFD77C recipient=m***************@gmail.com
INFO 2026-06-07 04:13:23,978 movies.email Booking confirmation email sent payment_id=BMS-640110774247 recipient=m***************@gmail.com
INFO 2026-06-07 22:36:03,773 movies.email Background email worker thread started.
INFO 2026-06-07 22:37:06,070 movies.email Booking confirmation email sent payment_id=BMS-5B78A49727F9 recipient=m***************@gmail.com
INFO 2026-06-07 22:38:41,874 movies.email Booking confirmation email sent payment_id=BMS-97F5C4884685 recipient=m***************@gmail.com
INFO 2026-06-07 22:46:17,459 movies.email Background email worker thread started.
INFO 2026-06-07 22:58:10,967 movies.email Background email worker thread started.
INFO 2026-06-07 23:03:51,807 movies.email Background email worker thread started.
INFO 2026-06-07 23:04:26,254 movies.email Booking confirmation email sent payment_id=BMS-A5D12BB694DF recipient=m***************@gmail.com
INFO 2026-06-07 23:11:52,312 movies.email Background email worker thread started.
INFO 2026-06-07 23:12:23,720 movies.email Booking confirmation email sent payment_id=BMS-A3D2228C36BD recipient=m***************@gmail.com
INFO 2026-06-07 23:17:15,823 movies.email Booking confirmation email sent payment_id=BMS-FE43AEADC7B3 recipient=m***************@gmail.com
INFO 2026-06-09 22:14:55,659 movies.email Background email worker thread started.
INFO 2026-06-09 22:16:55,515 movies.email Background email worker thread started.
INFO 2026-06-09 22:17:59,650 movies.email Booking confirmation email sent payment_id=BMS-B7A0B81314D0 recipient=m***************@gmail.com
INFO 2026-06-09 23:06:18,508 movies.email Background email worker thread started.
INFO 2026-06-09 23:21:53,125 movies.email Background email worker thread started.
INFO 2026-06-09 23:39:14,407 movies.email Background email worker thread started.
INFO 2026-06-09 23:43:56,901 movies.email Background email worker thread started.
INFO 2026-06-09 23:45:52,310 movies.email Background email worker thread started.
INFO 2026-06-10 00:22:12,452 movies.email Background email worker thread started.
INFO 2026-06-10 00:32:17,688 movies.email Background email worker thread started.
INFO 2026-06-10 01:00:35,743 movies.email Background email worker thread started.
INFO 2026-06-10 01:04:03,686 movies.email Background email worker thread started.
INFO 2026-06-10 01:10:44,058 movies.email Background email worker thread started.
INFO 2026-06-10 01:13:26,417 movies.email Background email worker thread started.
INFO 2026-06-10 01:20:44,630 movies.email Background email worker thread started.
INFO 2026-06-10 01:21:13,908 movies.email Background email worker thread started.
INFO 2026-06-10 01:22:06,476 movies.email Background email worker thread started.
INFO 2026-06-10 19:41:14,406 movies.email Background email worker thread started.
INFO 2026-06-10 19:51:03,974 movies.email Background email worker thread started.
INFO 2026-06-10 19:51:46,071 movies.email Background email worker thread started.
INFO 2026-06-10 19:53:27,734 movies.email Background email worker thread started.
INFO 2026-06-10 19:57:25,023 movies.email Background email worker thread started.
INFO 2026-06-10 20:13:46,485 movies.email Background email worker thread started.
INFO 2026-06-10 20:21:55,884 movies.email Background email worker thread started.
INFO 2026-06-10 20:41:01,586 movies.email Background email worker thread started.
INFO 2026-06-10 20:44:24,767 movies.email Background email worker thread started.
INFO 2026-06-10 20:44:38,860 movies.email Background email worker thread started.
INFO 2026-06-10 20:44:42,824 movies.email Background email worker thread started.
INFO 2026-06-10 20:44:53,621 movies.email Background email worker thread started.
INFO 2026-06-10 20:44:58,793 movies.email Background email worker thread started.
INFO 2026-06-10 20:45:00,566 movies.email Background email worker thread started.
INFO 2026-06-10 20:45:04,537 movies.email Background email worker thread started.
INFO 2026-06-10 20:45:07,340 movies.email Background email worker thread started.
INFO 2026-06-10 20:45:09,130 movies.email Background email worker thread started.
INFO 2026-06-10 20:45:11,867 movies.email Background email worker thread started.
INFO 2026-06-10 20:45:14,641 movies.email Background email worker thread started.
INFO 2026-06-10 20:45:18,563 movies.email Background email worker thread started.
INFO 2026-06-10 20:45:21,349 movies.email Background email worker thread started.
INFO 2026-06-10 20:46:00,887 movies.email Background email worker thread started.
INFO 2026-06-10 20:46:07,256 movies.email Background email worker thread started.
INFO 2026-06-10 20:46:09,081 movies.email Background email worker thread started.
INFO 2026-06-10 21:12:44,509 movies.email Background email worker thread started.
INFO 2026-06-10 21:13:51,964 movies.email Background email worker thread started.
INFO 2026-06-10 21:14:07,315 movies.email Background email worker thread started.
INFO 2026-06-10 21:14:58,599 movies.email Background email worker thread started.
INFO 2026-06-10 21:15:11,099 movies.email Background email worker thread started.
INFO 2026-06-10 21:15:30,810 movies.email Booking confirmation email sent payment_id=BMS-9563EE77D77B recipient=m***************@gmail.com
INFO 2026-06-11 00:15:26,663 movies.email Background email worker thread started.
INFO 2026-06-11 00:49:24,841 movies.email Background email worker thread started.
INFO 2026-06-11 00:52:42,150 movies.email Background email worker thread started.
INFO 2026-06-11 00:52:52,030 movies.email Background email worker thread started.
INFO 2026-06-11 00:52:55,183 movies.email Background email worker thread started.
INFO 2026-06-11 00:53:03,711 movies.email Background email worker thread started.
INFO 2026-06-11 00:53:05,893 movies.email Background email worker thread started.
INFO 2026-06-11 00:53:25,951 movies.email Background email worker thread started.
INFO 2026-06-11 00:53:32,656 movies.email Background email worker thread started.
INFO 2026-06-11 00:53:34,669 movies.email Background email worker thread started.
INFO 2026-06-11 00:53:44,410 movies.email Background email worker thread started.
INFO 2026-06-11 00:54:05,286 movies.email Background email worker thread started.
INFO 2026-06-11 00:54:07,329 movies.email Background email worker thread started.
INFO 2026-06-11 00:54:14,252 movies.email Background email worker thread started.
INFO 2026-06-11 00:55:22,821 movies.email Background email worker thread started.
INFO 2026-06-11 00:57:25,932 movies.email Booking confirmation email sent payment_id=BMS-2A67AAA44B56 recipient=m***************@gmail.com
INFO 2026-06-11 01:17:24,195 movies.email Background email worker thread started.
INFO 2026-06-11 01:17:26,086 movies.email Background email worker thread started.
INFO 2026-06-11 01:17:33,323 movies.email Background email worker thread started.
INFO 2026-06-11 01:17:39,763 movies.email Background email worker thread started.
INFO 2026-06-11 01:17:45,328 movies.email Background email worker thread started.
INFO 2026-06-11 01:17:48,445 movies.email Background email worker thread started.
INFO 2026-06-11 01:17:55,000 movies.email Background email worker thread started.
INFO 2026-06-11 01:17:58,032 movies.email Background email worker thread started.
INFO 2026-06-11 01:18:00,969 movies.email Background email worker thread started.
INFO 2026-06-11 01:18:02,919 movies.email Background email worker thread started.
INFO 2026-06-11 01:18:04,740 movies.email Background email worker thread started.
INFO 2026-06-11 01:18:08,104 movies.email Background email worker thread started.
INFO 2026-06-11 01:19:35,162 movies.email Background email worker thread started.
INFO 2026-06-11 01:19:37,020 movies.email Background email worker thread started.
INFO 2026-06-11 01:19:56,996 movies.email Background email worker thread started.
INFO 2026-06-11 01:20:01,386 movies.email Background email worker thread started.
INFO 2026-06-11 01:42:12,980 movies.email Background email worker thread started.
INFO 2026-06-11 01:42:55,009 movies.email Background email worker thread started.
INFO 2026-06-11 01:44:34,224 movies.email Background email worker thread started.
INFO 2026-06-11 01:46:22,287 movies.email Background email worker thread started.
INFO 2026-06-11 01:46:25,271 movies.email Background email worker thread started.
INFO 2026-06-11 01:48:54,336 movies.email Background email worker thread started.
INFO 2026-06-11 01:53:22,503 movies.email Background email worker thread started.
INFO 2026-06-11 01:59:54,254 movies.email Background email worker thread started.
INFO 2026-06-11 02:00:46,552 movies.email Background email worker thread started.
INFO 2026-06-11 02:09:04,557 movies.email Background email worker thread started.
INFO 2026-06-11 02:20:46,305 movies.email Background email worker thread started.
INFO 2026-06-11 02:22:46,657 movies.email Background email worker thread started.
INFO 2026-06-11 02:23:31,131 movies.email Background email worker thread started.
INFO 2026-06-11 02:30:02,280 movies.email Background email worker thread started.
INFO 2026-06-11 02:34:44,692 movies.email Background email worker thread started.
INFO 2026-06-11 02:34:46,559 movies.email Background email worker thread started.
INFO 2026-06-11 02:34:49,602 movies.email Background email worker thread started.
INFO 2026-06-11 02:34:53,504 movies.email Background email worker thread started.
INFO 2026-06-11 02:35:06,026 movies.email Background email worker thread started.
INFO 2026-06-11 02:35:17,022 movies.email Background email worker thread started.
INFO 2026-06-11 02:35:30,249 movies.email Background email worker thread started.
INFO 2026-06-11 02:36:24,487 movies.email Booking confirmation email sent payment_id=BMS-89EC783F561A recipient=m***************@gmail.com
INFO 2026-06-11 02:39:33,265 movies.email Booking confirmation email sent payment_id=BMS-66730892C8CA recipient=m***************@gmail.com
ERROR 2026-06-11 02:42:08,012 movies.email Booking confirmation email failed payment_id=BMS-98A8D3FE872D recipient=t***************@example.com retry=0 error='SMTP Connection Failed'
ERROR 2026-06-11 02:42:08,027 movies.email Booking confirmation email failed payment_id=BMS-339B1F55B1BA recipient=t***************@example.com retry=0 error='SMTP Connection Failed'
INFO 2026-06-11 02:42:08,047 movies.email Booking confirmation email sent payment_id=BMS-C4D28F0430AD recipient=t***************@example.com
INFO 2026-06-11 02:42:08,059 movies.email Booking confirmation email sent payment_id=BMS-7BF4C7BABD51 recipient=t***************@example.com
ERROR 2026-06-11 03:01:05,158 movies.email Booking confirmation email failed payment_id=BMS-99DFADB8AB71 recipient=t***************@example.com retry=0 error='SMTP Connection Failed'
ERROR 2026-06-11 03:01:05,158 movies.email Booking confirmation email failed payment_id=BMS-F0BE56E969AF recipient=t***************@example.com retry=0 error='SMTP Connection Failed'
INFO 2026-06-11 03:01:05,175 movies.email Booking confirmation email sent payment_id=BMS-E775ACBD9DE1 recipient=t***************@example.com
INFO 2026-06-11 03:01:05,175 movies.email Booking confirmation email sent payment_id=BMS-163918C1B44A recipient=t***************@example.com
INFO 2026-06-11 03:01:34,427 movies.email Background email worker thread started.
INFO 2026-06-11 03:03:26,096 movies.email Booking confirmation email sent payment_id=BMS-55C14CAC25E3 recipient=m***************@gmail.com
INFO 2026-06-11 07:07:08,331 movies.email Background email worker thread started.
INFO 2026-06-11 07:14:50,781 movies.email Background email worker thread started.
INFO 2026-06-11 07:15:44,533 movies.email Booking confirmation email sent payment_id=BMS-B435E578B8AE recipient=m***************@gmail.com
